INFO 2019-10-26 14:41:02,565 root : Server available, server date: 2019-10-26 14:41:02
INFO 2019-10-26 14:41:02,566 root : Monitoring page: : /health/
INFO 2019-10-26 14:41:02,566 root : Server info: {'System': 'Windows', 'Release': '10', 'Type': 'AMD64'}
INFO 2019-10-26 14:41:02,567 root : Client info: python-requests/2.22.0
INFO 2019-10-26 14:42:02,593 root : Server available, server date: 2019-10-26 14:42:02
INFO 2019-10-26 14:42:02,594 root : Monitoring page: : /health/
INFO 2019-10-26 14:42:02,594 root : Server info: {'System': 'Windows', 'Release': '10', 'Type': 'AMD64'}
INFO 2019-10-26 14:42:02,594 root : Client info: python-requests/2.22.0
INFO 2019-10-26 14:43:02,728 root : Server available, server date: 2019-10-26 14:43:02
INFO 2019-10-26 14:43:02,729 root : Monitoring page: : /health/
INFO 2019-10-26 14:43:02,730 root : Server info: {'System': 'Windows', 'Release': '10', 'Type': 'AMD64'}
INFO 2019-10-26 14:43:02,730 root : Client info: python-requests/2.22.0
INFO 2019-10-26 14:44:02,791 root : Server available, server date: 2019-10-26 14:44:02
INFO 2019-10-26 14:44:02,792 root : Monitoring page: : /health/
INFO 2019-10-26 14:44:02,792 root : Server info: {'System': 'Windows', 'Release': '10', 'Type': 'AMD64'}
INFO 2019-10-26 14:44:02,793 root : Client info: python-requests/2.22.0
INFO 2019-10-26 14:45:02,860 root : Server available, server date: 2019-10-26 14:45:02
INFO 2019-10-26 14:45:02,861 root : Monitoring page: : /health/
INFO 2019-10-26 14:45:02,862 root : Server info: {'System': 'Windows', 'Release': '10', 'Type': 'AMD64'}
INFO 2019-10-26 14:45:02,863 root : Client info: python-requests/2.22.0
INFO 2019-10-26 14:46:02,942 root : Server available, server date: 2019-10-26 14:46:02
INFO 2019-10-26 14:46:02,942 root : Monitoring page: : /health/
INFO 2019-10-26 14:46:02,943 root : Server info: {'System': 'Windows', 'Release': '10', 'Type': 'AMD64'}
INFO 2019-10-26 14:46:02,943 root : Client info: python-requests/2.22.0
ERROR 2019-10-26 14:47:06,965 root : Exception: HTTPConnectionPool(host='localhost', port=8000): Max retries exceeded with url: /health (Caused by NewConnectionError('<urllib3.connection.HTTPConnection object at 0x0000018762B79348>: Failed to establish a new connection: [WinError 10061] No connection could be made because the target machine actively refused it'))
INFO 2019-10-30 18:50:24,136 root : Server available, server date: 2019-10-30 18:50:24
INFO 2019-10-30 18:50:24,138 root : Monitoring page: : /health/
INFO 2019-10-30 18:50:24,139 root : Server info: {'System': 'Linux', 'Release': '5.0.0-32-generic', 'Type': 'x86_64'}
INFO 2019-10-30 18:50:24,139 root : Client info: python-requests/2.22.0
INFO 2019-10-30 18:51:24,273 root : Server available, server date: 2019-10-30 18:51:24
INFO 2019-10-30 18:51:24,273 root : Monitoring page: : /health/
INFO 2019-10-30 18:51:24,274 root : Server info: {'System': 'Linux', 'Release': '5.0.0-32-generic', 'Type': 'x86_64'}
INFO 2019-10-30 18:51:24,274 root : Client info: python-requests/2.22.0
INFO 2019-10-30 18:52:24,440 root : Server available, server date: 2019-10-30 18:52:24
INFO 2019-10-30 18:52:24,440 root : Monitoring page: : /health/
INFO 2019-10-30 18:52:24,441 root : Server info: {'System': 'Linux', 'Release': '5.0.0-32-generic', 'Type': 'x86_64'}
INFO 2019-10-30 18:52:24,441 root : Client info: python-requests/2.22.0
INFO 2019-10-30 18:53:24,575 root : Server available, server date: 2019-10-30 18:53:24
INFO 2019-10-30 18:53:24,575 root : Monitoring page: : /health/
INFO 2019-10-30 18:53:24,575 root : Server info: {'System': 'Linux', 'Release': '5.0.0-32-generic', 'Type': 'x86_64'}
INFO 2019-10-30 18:53:24,575 root : Client info: python-requests/2.22.0
INFO 2019-10-30 18:54:24,712 root : Server available, server date: 2019-10-30 18:54:24
INFO 2019-10-30 18:54:24,712 root : Monitoring page: : /health/
INFO 2019-10-30 18:54:24,712 root : Server info: {'System': 'Linux', 'Release': '5.0.0-32-generic', 'Type': 'x86_64'}
INFO 2019-10-30 18:54:24,712 root : Client info: python-requests/2.22.0
INFO 2019-10-30 18:55:24,856 root : Server available, server date: 2019-10-30 18:55:24
INFO 2019-10-30 18:55:24,857 root : Monitoring page: : /health/
INFO 2019-10-30 18:55:24,857 root : Server info: {'System': 'Linux', 'Release': '5.0.0-32-generic', 'Type': 'x86_64'}
INFO 2019-10-30 18:55:24,858 root : Client info: python-requests/2.22.0
INFO 2019-10-30 18:56:24,997 root : Server available, server date: 2019-10-30 18:56:24
INFO 2019-10-30 18:56:24,997 root : Monitoring page: : /health/
INFO 2019-10-30 18:56:24,998 root : Server info: {'System': 'Linux', 'Release': '5.0.0-32-generic', 'Type': 'x86_64'}
INFO 2019-10-30 18:56:24,998 root : Client info: python-requests/2.22.0
INFO 2019-10-30 18:57:25,134 root : Server available, server date: 2019-10-30 18:57:25
INFO 2019-10-30 18:57:25,134 root : Monitoring page: : /health/
INFO 2019-10-30 18:57:25,135 root : Server info: {'System': 'Linux', 'Release': '5.0.0-32-generic', 'Type': 'x86_64'}
INFO 2019-10-30 18:57:25,135 root : Client info: python-requests/2.22.0
INFO 2019-10-30 18:58:25,273 root : Server available, server date: 2019-10-30 18:58:25
INFO 2019-10-30 18:58:25,274 root : Monitoring page: : /health/
INFO 2019-10-30 18:58:25,274 root : Server info: {'System': 'Linux', 'Release': '5.0.0-32-generic', 'Type': 'x86_64'}
INFO 2019-10-30 18:58:25,274 root : Client info: python-requests/2.22.0
INFO 2019-10-30 18:59:25,409 root : Server available, server date: 2019-10-30 18:59:25
INFO 2019-10-30 18:59:25,410 root : Monitoring page: : /health/
INFO 2019-10-30 18:59:25,410 root : Server info: {'System': 'Linux', 'Release': '5.0.0-32-generic', 'Type': 'x86_64'}
INFO 2019-10-30 18:59:25,411 root : Client info: python-requests/2.22.0
INFO 2019-10-30 19:00:25,588 root : Server available, server date: 2019-10-30 19:00:25
INFO 2019-10-30 19:00:25,589 root : Monitoring page: : /health/
INFO 2019-10-30 19:00:25,589 root : Server info: {'System': 'Linux', 'Release': '5.0.0-32-generic', 'Type': 'x86_64'}
INFO 2019-10-30 19:00:25,590 root : Client info: python-requests/2.22.0
INFO 2019-10-30 19:01:25,725 root : Server available, server date: 2019-10-30 19:01:25
INFO 2019-10-30 19:01:25,725 root : Monitoring page: : /health/
INFO 2019-10-30 19:01:25,725 root : Server info: {'System': 'Linux', 'Release': '5.0.0-32-generic', 'Type': 'x86_64'}
INFO 2019-10-30 19:01:25,726 root : Client info: python-requests/2.22.0
INFO 2019-10-30 19:02:25,847 root : Server available, server date: 2019-10-30 19:02:25
INFO 2019-10-30 19:02:25,848 root : Monitoring page: : /health/
INFO 2019-10-30 19:02:25,848 root : Server info: {'System': 'Linux', 'Release': '5.0.0-32-generic', 'Type': 'x86_64'}
INFO 2019-10-30 19:02:25,849 root : Client info: python-requests/2.22.0
INFO 2019-10-30 19:03:25,985 root : Server available, server date: 2019-10-30 19:03:25
INFO 2019-10-30 19:03:25,986 root : Monitoring page: : /health/
INFO 2019-10-30 19:03:25,986 root : Server info: {'System': 'Linux', 'Release': '5.0.0-32-generic', 'Type': 'x86_64'}
INFO 2019-10-30 19:03:25,987 root : Client info: python-requests/2.22.0
INFO 2019-10-30 19:04:26,128 root : Server available, server date: 2019-10-30 19:04:26
INFO 2019-10-30 19:04:26,129 root : Monitoring page: : /health/
INFO 2019-10-30 19:04:26,130 root : Server info: {'System': 'Linux', 'Release': '5.0.0-32-generic', 'Type': 'x86_64'}
INFO 2019-10-30 19:04:26,131 root : Client info: python-requests/2.22.0
INFO 2019-10-30 19:05:26,267 root : Server available, server date: 2019-10-30 19:05:26
INFO 2019-10-30 19:05:26,268 root : Monitoring page: : /health/
INFO 2019-10-30 19:05:26,269 root : Server info: {'System': 'Linux', 'Release': '5.0.0-32-generic', 'Type': 'x86_64'}
INFO 2019-10-30 19:05:26,269 root : Client info: python-requests/2.22.0
